# JRE version: OpenJDK Runtime Environment (11.0.1+13) (build 11.0.1+13)
# Java VM: OpenJDK 64-Bit Server VM (11.0.1+13, mixed mode, tiered, compressed oops, g1 gc, windows-amd64)
Heap:
 garbage-first heap   total 260096K, used 130693K [0x00000000c0000000, 0x0000000100000000)
  region size 1024K, 85 young (87040K), 5 survivors (5120K)
 Metaspace       used 69268K, capacity 72308K, committed 72444K, reserved 1114112K
  class space    used 6412K, capacity 7489K, committed 7500K, reserved 1048576K
GC Heap History (10 events):
Event: 396.934 GC heap before
{Heap before GC invocations=31 (full 0):
 garbage-first heap   total 260096K, used 198654K [0x00000000c0000000, 0x0000000100000000)
  region size 1024K, 152 young (155648K), 8 survivors (8192K)
 Metaspace       used 68271K, capacity 71118K, committed 71420K, reserved 1114112K
  class space    used 6338K, capacity 7372K, committed 7500K, reserved 1048576K
}
Event: 396.948 GC heap after
{Heap after GC invocations=32 (full 0):
 garbage-first heap   total 260096K, used 51105K [0x00000000c0000000, 0x0000000100000000)
  region size 1024K, 7 young (7168K), 7 survivors (7168K)
 Metaspace       used 68271K, capacity 71118K, committed 71420K, reserved 1114112K
  class space    used 6338K, capacity 7372K, committed 7500K, reserved 1048576K
}
Event: 453.319 GC heap before
{Heap before GC invocations=32 (full 0):
 garbage-first heap   total 260096K, used 199585K [0x00000000c0000000, 0x0000000100000000)
  region size 1024K, 152 young (155648K), 7 survivors (7168K)
 Metaspace       used 68367K, capacity 71253K, committed 71420K, reserved 1114112K
  class space    used 6339K, capacity 7373K, committed 7500K, reserved 1048576K
}
Event: 453.323 GC heap after
{Heap after GC invocations=33 (full 0):
 garbage-first heap   total 260096K, used 50331K [0x00000000c0000000, 0x0000000100000000)
  region size 1024K, 6 young (6144K), 6 survivors (6144K)
 Metaspace       used 68367K, capacity 71253K, committed 71420K, reserved 1114112K
  class space    used 6339K, capacity 7373K, committed 7500K, reserved 1048576K
}
Event: 519.149 GC heap before
{Heap before GC invocations=33 (full 0):
 garbage-first heap   total 260096K, used 198811K [0x00000000c0000000, 0x0000000100000000)
  region size 1024K, 152 young (155648K), 6 survivors (6144K)
 Metaspace       used 68474K, capacity 71445K, committed 71676K, reserved 1114112K
  class space    used 6339K, capacity 7373K, committed 7500K, reserved 1048576K
}
Event: 519.153 GC heap after
{Heap after GC invocations=34 (full 0):
 garbage-first heap   total 260096K, used 52816K [0x00000000c0000000, 0x0000000100000000)
  region size 1024K, 8 young (8192K), 8 survivors (8192K)
 Metaspace       used 68474K, capacity 71445K, committed 71676K, reserved 1114112K
  class space    used 6339K, capacity 7373K, committed 7500K, reserved 1048576K
}
Event: 654.647 GC heap before
{Heap before GC invocations=34 (full 0):
 garbage-first heap   total 260096K, used 199248K [0x00000000c0000000, 0x0000000100000000)
  region size 1024K, 152 young (155648K), 8 survivors (8192K)
 Metaspace       used 68649K, capacity 71578K, committed 71932K, reserved 1114112K
  class space    used 6339K, capacity 7373K, committed 7500K, reserved 1048576K
}
Event: 654.653 GC heap after
{Heap after GC invocations=35 (full 0):
 garbage-first heap   total 260096K, used 51863K [0x00000000c0000000, 0x0000000100000000)
  region size 1024K, 7 young (7168K), 7 survivors (7168K)
 Metaspace       used 68649K, capacity 71578K, committed 71932K, reserved 1114112K
  class space    used 6339K, capacity 7373K, committed 7500K, reserved 1048576K
}
Event: 8843.839 GC heap before
{Heap before GC invocations=35 (full 0):
 garbage-first heap   total 260096K, used 199319K [0x00000000c0000000, 0x0000000100000000)
  region size 1024K, 152 young (155648K), 7 survivors (7168K)
 Metaspace       used 68799K, capacity 71715K, committed 71932K, reserved 1114112K
  class space    used 6341K, capacity 7374K, committed 7500K, reserved 1048576K
}
Event: 8843.888 GC heap after
{Heap after GC invocations=36 (full 0):
 garbage-first heap   total 260096K, used 49797K [0x00000000c0000000, 0x0000000100000000)
  region size 1024K, 5 young (5120K), 5 survivors (5120K)
 Metaspace       used 68799K, capacity 71715K, committed 71932K, reserved 1114112K
  class space    used 6341K, capacity 7374K, committed 7500K, reserved 1048576K
}

