# JRE version: OpenJDK Runtime Environment (11.0.1+13) (build 11.0.1+13)
# Java VM: OpenJDK 64-Bit Server VM (11.0.1+13, mixed mode, tiered, compressed oops, g1 gc, windows-amd64)
Heap:
 garbage-first heap   total 260096K, used 99948K [0x00000000c0000000, 0x0000000100000000)
  region size 1024K, 76 young (77824K), 17 survivors (17408K)
 Metaspace       used 53884K, capacity 56328K, committed 56528K, reserved 1099776K
  class space    used 5301K, capacity 6166K, committed 6272K, reserved 1048576K
GC Heap History (10 events):
Event: 3.159 GC heap before
{Heap before GC invocations=4 (full 0):
 garbage-first heap   total 260096K, used 68989K [0x00000000c0000000, 0x0000000100000000)
  region size 1024K, 61 young (62464K), 3 survivors (3072K)
 Metaspace       used 33626K, capacity 35206K, committed 35376K, reserved 1081344K
  class space    used 3392K, capacity 3933K, committed 3968K, reserved 1048576K
}
Event: 3.163 GC heap after
{Heap after GC invocations=5 (full 0):
 garbage-first heap   total 260096K, used 15113K [0x00000000c0000000, 0x0000000100000000)
  region size 1024K, 8 young (8192K), 8 survivors (8192K)
 Metaspace       used 33626K, capacity 35206K, committed 35376K, reserved 1081344K
  class space    used 3392K, capacity 3933K, committed 3968K, reserved 1048576K
}
Event: 3.286 GC heap before
{Heap before GC invocations=5 (full 0):
 garbage-first heap   total 260096K, used 18185K [0x00000000c0000000, 0x0000000100000000)
  region size 1024K, 12 young (12288K), 8 survivors (8192K)
 Metaspace       used 34184K, capacity 35841K, committed 35920K, reserved 1081344K
  class space    used 3456K, capacity 4089K, committed 4096K, reserved 1048576K
}
Event: 3.301 GC heap after
{Heap after GC invocations=6 (full 0):
 garbage-first heap   total 260096K, used 15875K [0x00000000c0000000, 0x0000000100000000)
  region size 1024K, 7 young (7168K), 7 survivors (7168K)
 Metaspace       used 34184K, capacity 35841K, committed 35920K, reserved 1081344K
  class space    used 3456K, capacity 4089K, committed 4096K, reserved 1048576K
}
Event: 4.225 GC heap before
{Heap before GC invocations=7 (full 0):
 garbage-first heap   total 260096K, used 96771K [0x00000000c0000000, 0x0000000100000000)
  region size 1024K, 87 young (89088K), 7 survivors (7168K)
 Metaspace       used 39412K, capacity 41470K, committed 41552K, reserved 1085440K
  class space    used 4044K, capacity 4797K, committed 4864K, reserved 1048576K
}
Event: 4.235 GC heap after
{Heap after GC invocations=8 (full 0):
 garbage-first heap   total 260096K, used 22629K [0x00000000c0000000, 0x0000000100000000)
  region size 1024K, 8 young (8192K), 8 survivors (8192K)
 Metaspace       used 39412K, capacity 41470K, committed 41552K, reserved 1085440K
  class space    used 4044K, capacity 4797K, committed 4864K, reserved 1048576K
}
Event: 4.963 GC heap before
{Heap before GC invocations=8 (full 0):
 garbage-first heap   total 260096K, used 128101K [0x00000000c0000000, 0x0000000100000000)
  region size 1024K, 110 young (112640K), 8 survivors (8192K)
 Metaspace       used 43045K, capacity 45333K, committed 45648K, reserved 1089536K
  class space    used 4440K, capacity 5270K, committed 5376K, reserved 1048576K
}
Event: 4.972 GC heap after
{Heap after GC invocations=9 (full 0):
 garbage-first heap   total 260096K, used 31816K [0x00000000c0000000, 0x0000000100000000)
  region size 1024K, 14 young (14336K), 14 survivors (14336K)
 Metaspace       used 43045K, capacity 45333K, committed 45648K, reserved 1089536K
  class space    used 4440K, capacity 5270K, committed 5376K, reserved 1048576K
}
Event: 1679.770 GC heap before
{Heap before GC invocations=9 (full 0):
 garbage-first heap   total 260096K, used 156744K [0x00000000c0000000, 0x0000000100000000)
  region size 1024K, 136 young (139264K), 14 survivors (14336K)
 Metaspace       used 53515K, capacity 55887K, committed 56144K, reserved 1099776K
  class space    used 5246K, capacity 6124K, committed 6144K, reserved 1048576K
}
Event: 1679.781 GC heap after
{Heap after GC invocations=10 (full 0):
 garbage-first heap   total 260096K, used 41580K [0x00000000c0000000, 0x0000000100000000)
  region size 1024K, 17 young (17408K), 17 survivors (17408K)
 Metaspace       used 53515K, capacity 55887K, committed 56144K, reserved 1099776K
  class space    used 5246K, capacity 6124K, committed 6144K, reserved 1048576K
}

