# JRE version: OpenJDK Runtime Environment (11.0.1+13) (build 11.0.1+13)
# Java VM: OpenJDK 64-Bit Server VM (11.0.1+13, mixed mode, tiered, compressed oops, g1 gc, windows-amd64)
Heap:
 garbage-first heap   total 260096K, used 82551K [0x00000000e0000000, 0x0000000100000000)
  region size 1024K, 68 young (69632K), 7 survivors (7168K)
 Metaspace       used 42264K, capacity 43028K, committed 43136K, reserved 292864K
  class space    used 5395K, capacity 5666K, committed 5760K, reserved 253952K
GC Heap History (8 events):
Event: 0.996 GC heap before
{Heap before GC invocations=0 (full 0):
 garbage-first heap   total 260096K, used 26624K [0x00000000e0000000, 0x0000000100000000)
  region size 1024K, 24 young (24576K), 0 survivors (0K)
 Metaspace       used 10248K, capacity 10484K, committed 10752K, reserved 264192K
  class space    used 1075K, capacity 1157K, committed 1280K, reserved 253952K
}
Event: 1.005 GC heap after
{Heap after GC invocations=1 (full 0):
 garbage-first heap   total 260096K, used 7499K [0x00000000e0000000, 0x0000000100000000)
  region size 1024K, 3 young (3072K), 3 survivors (3072K)
 Metaspace       used 10248K, capacity 10484K, committed 10752K, reserved 264192K
  class space    used 1075K, capacity 1157K, committed 1280K, reserved 253952K
}
Event: 3.417 GC heap before
{Heap before GC invocations=1 (full 0):
 garbage-first heap   total 260096K, used 79179K [0x00000000e0000000, 0x0000000100000000)
  region size 1024K, 75 young (76800K), 3 survivors (3072K)
 Metaspace       used 20829K, capacity 21184K, committed 21248K, reserved 272384K
  class space    used 2623K, capacity 2753K, committed 2816K, reserved 253952K
}
Event: 3.433 GC heap after
{Heap after GC invocations=2 (full 0):
 garbage-first heap   total 260096K, used 14783K [0x00000000e0000000, 0x0000000100000000)
  region size 1024K, 11 young (11264K), 11 survivors (11264K)
 Metaspace       used 20829K, capacity 21184K, committed 21248K, reserved 272384K
  class space    used 2623K, capacity 2753K, committed 2816K, reserved 253952K
}
Event: 4.136 GC heap before
{Heap before GC invocations=3 (full 0):
 garbage-first heap   total 260096K, used 42431K [0x00000000e0000000, 0x0000000100000000)
  region size 1024K, 38 young (38912K), 11 survivors (11264K)
 Metaspace       used 25829K, capacity 26292K, committed 26496K, reserved 278528K
  class space    used 3232K, capacity 3432K, committed 3456K, reserved 253952K
}
Event: 4.144 GC heap after
{Heap after GC invocations=4 (full 0):
 garbage-first heap   total 260096K, used 16956K [0x00000000e0000000, 0x0000000100000000)
  region size 1024K, 3 young (3072K), 3 survivors (3072K)
 Metaspace       used 25829K, capacity 26292K, committed 26496K, reserved 278528K
  class space    used 3232K, capacity 3432K, committed 3456K, reserved 253952K
}
Event: 5.935 GC heap before
{Heap before GC invocations=4 (full 0):
 garbage-first heap   total 260096K, used 88636K [0x00000000e0000000, 0x0000000100000000)
  region size 1024K, 72 young (73728K), 3 survivors (3072K)
 Metaspace       used 35317K, capacity 35820K, committed 35840K, reserved 286720K
  class space    used 4411K, capacity 4601K, committed 4608K, reserved 253952K
}
Event: 5.954 GC heap after
{Heap after GC invocations=5 (full 0):
 garbage-first heap   total 260096K, used 21111K [0x00000000e0000000, 0x0000000100000000)
  region size 1024K, 7 young (7168K), 7 survivors (7168K)
 Metaspace       used 35317K, capacity 35820K, committed 35840K, reserved 286720K
  class space    used 4411K, capacity 4601K, committed 4608K, reserved 253952K
}

